<?xml version="1.0" encoding="UTF-8"?>
<!-- Generated by org.testng.reporters.JUnitReportReporter -->
<testsuite skipped="0" hostname="WinDev1905Eval" name="com.FT.test.system.selenium.testcase.InsertarFoodTruck" tests="2" failures="0" timestamp="26 Jun 2019 06:44:12 GMT" time="24.922" errors="0">
  <testcase name="insertarfoodTruck" time="15.175" classname="com.FT.test.system.selenium.testcase.InsertarFoodTruck"/>
  <testcase name="insertarfoodTruck" time="9.747" classname="com.FT.test.system.selenium.testcase.InsertarFoodTruck"/>
</testsuite> <!-- com.FT.test.system.selenium.testcase.InsertarFoodTruck -->
