<?xml version="1.0" encoding="UTF-8"?>
<!-- Generated by org.testng.reporters.JUnitReportReporter -->
<testsuite skipped="0" hostname="WinDev1905Eval" name="com.FT.test.system.selenium.testcase.EliminarFoodTruck" tests="2" failures="0" timestamp="26 Jun 2019 06:44:12 GMT" time="15.366" errors="0">
  <testcase name="insertarfoodTruck" time="8.306" classname="com.FT.test.system.selenium.testcase.EliminarFoodTruck"/>
  <testcase name="insertarfoodTruck" time="7.060" classname="com.FT.test.system.selenium.testcase.EliminarFoodTruck"/>
</testsuite> <!-- com.FT.test.system.selenium.testcase.EliminarFoodTruck -->
