<?xml version="1.0" encoding="UTF-8"?>
<!-- Generated by org.testng.reporters.JUnitReportReporter -->
<testsuite skipped="0" hostname="WinDev1905Eval" name="com.FT.test.system.selenium.testcase.EditarFoodTruck" tests="2" failures="0" timestamp="26 Jun 2019 06:44:12 GMT" time="21.165" errors="0">
  <testcase name="insertarfoodTruck" time="11.688" classname="com.FT.test.system.selenium.testcase.EditarFoodTruck"/>
  <testcase name="insertarfoodTruck" time="9.477" classname="com.FT.test.system.selenium.testcase.EditarFoodTruck"/>
</testsuite> <!-- com.FT.test.system.selenium.testcase.EditarFoodTruck -->
